TN:
SF:src/server.ts
FN:13,(anonymous_10)
FN:28,(anonymous_11)
FN:34,(anonymous_12)
FN:43,(anonymous_13)
FN:54,(anonymous_14)
FN:56,(anonymous_15)
FN:62,(anonymous_16)
FN:64,(anonymous_17)
FNF:8
FNH:3
FNDA:12,(anonymous_10)
FNDA:1,(anonymous_11)
FNDA:1,(anonymous_12)
FNDA:0,(anonymous_13)
FNDA:0,(anonymous_14)
FNDA:0,(anonymous_15)
FNDA:0,(anonymous_16)
FNDA:0,(anonymous_17)
DA:1,1
DA:2,1
DA:3,1
DA:4,1
DA:5,1
DA:6,1
DA:8,1
DA:10,1
DA:13,1
DA:14,12
DA:15,12
DA:16,12
DA:18,12
DA:20,12
DA:23,1
DA:24,1
DA:26,1
DA:28,1
DA:29,1
DA:32,1
DA:34,1
DA:35,1
DA:39,1
DA:42,1
DA:43,0
DA:44,0
DA:45,0
DA:46,0
DA:48,0
DA:49,0
DA:54,0
DA:55,0
DA:56,0
DA:57,0
DA:58,0
DA:62,0
DA:63,0
DA:64,0
DA:65,0
DA:66,0
LF:40
LH:24
BRDA:16,0,0,12
BRDA:16,0,1,0
BRDA:42,1,0,0
BRDA:42,1,1,1
BRF:4
BRH:2
end_of_record
TN:
SF:src/data/db.ts
FN:14,(anonymous_9)
FN:18,query
FN:27,closePool
FNF:3
FNH:0
FNDA:0,(anonymous_9)
FNDA:0,query
FNDA:0,closePool
DA:1,3
DA:2,3
DA:4,3
DA:6,3
DA:14,3
DA:15,0
DA:18,3
DA:19,0
DA:20,0
DA:22,0
DA:23,0
DA:27,3
DA:28,0
DA:31,3
LF:14
LH:8
BRDA:7,0,0,3
BRDA:7,0,1,0
BRDA:8,1,0,3
BRDA:8,1,1,0
BRDA:9,2,0,3
BRDA:9,2,1,0
BRDA:10,3,0,3
BRDA:10,3,1,0
BRDA:11,4,0,3
BRDA:11,4,1,0
BRF:10
BRH:5
end_of_record
TN:
SF:src/data/migration.ts
FN:3,initializeDatabase
FNF:1
FNH:0
FNDA:0,initializeDatabase
DA:1,1
DA:3,1
DA:4,0
DA:6,0
DA:29,0
DA:30,0
LF:6
LH:2
BRF:0
BRH:0
end_of_record
TN:
SF:src/data/store.ts
FN:4,getAllProducts
FN:14,createProduct
FNF:2
FNH:2
FNDA:5,getAllProducts
FNDA:5,createProduct
DA:1,3
DA:4,3
DA:5,5
DA:6,5
DA:7,3
DA:9,2
DA:10,2
DA:14,3
DA:15,5
DA:16,5
DA:20,3
DA:22,2
DA:23,2
LF:13
LH:13
BRF:0
BRH:0
end_of_record
TN:
SF:src/routes/products.ts
FN:6,(anonymous_0)
FN:16,(anonymous_1)
FNF:2
FNH:2
FNDA:3,(anonymous_0)
FNDA:6,(anonymous_1)
DA:1,1
DA:2,1
DA:4,1
DA:6,1
DA:7,3
DA:8,3
DA:9,2
DA:11,1
DA:12,1
DA:16,1
DA:17,6
DA:18,6
DA:20,6
DA:21,3
DA:22,3
DA:25,3
DA:26,2
DA:28,1
DA:29,1
DA:33,1
LF:20
LH:20
BRDA:20,0,0,3
BRDA:20,0,1,3
BRDA:20,1,0,6
BRDA:20,1,1,4
BRF:4
BRH:4
end_of_record
